Assembler report for CPU_ON_DE0
<<<<<<< Updated upstream
Fri Dec 22 17:38:27 2023
=======
Thu Dec 21 15:17:03 2023
>>>>>>> Stashed changes
Quartus II 64-Bit Version 13.0.1 Build 232 06/12/2013 Service Pack 1 SJ Web Edition


---------------------
; Table of Contents ;
---------------------
  1. Legal Notice
  2. Assembler Summary
  3. Assembler Settings
  4. Assembler Generated Files
<<<<<<< Updated upstream
  5. Assembler Device Options: C:/Users/A610/Documents/GitHub/hdl/CPU_ON_DE0 _HEX/output_files/CPU_ON_DE0.sof
=======
  5. Assembler Device Options: D:/code/hdl/CPU_ON_DE0 _HEX/output_files/CPU_ON_DE0.sof
>>>>>>> Stashed changes
  6. Assembler Messages



----------------
; Legal Notice ;
----------------
Copyright (C) 1991-2013 Altera Corporation
Your use of Altera Corporation's design tools, logic functions 
and other software and tools, and its AMPP partner logic 
functions, and any output files from any of the foregoing 
(including device programming or simulation files), and any 
associated documentation or information are expressly subject 
to the terms and conditions of the Altera Program License 
Subscription Agreement, Altera MegaCore Function License 
Agreement, or other applicable license agreement, including, 
without limitation, that your use is for the sole purpose of 
programming logic devices manufactured by Altera and sold by 
Altera or its authorized distributors.  Please refer to the 
applicable agreement for further details.



+---------------------------------------------------------------+
; Assembler Summary                                             ;
+-----------------------+---------------------------------------+
<<<<<<< Updated upstream
; Assembler Status      ; Successful - Fri Dec 22 17:38:27 2023 ;
=======
; Assembler Status      ; Successful - Thu Dec 21 15:17:03 2023 ;
>>>>>>> Stashed changes
; Revision Name         ; CPU_ON_DE0                            ;
; Top-level Entity Name ; CPU_ON_DE0                            ;
; Family                ; Cyclone III                           ;
; Device                ; EP3C16F484C6                          ;
+-----------------------+---------------------------------------+


+--------------------------------------------------------------------------------------------------------+
; Assembler Settings                                                                                     ;
+-----------------------------------------------------------------------------+----------+---------------+
; Option                                                                      ; Setting  ; Default Value ;
+-----------------------------------------------------------------------------+----------+---------------+
; Use smart compilation                                                       ; Off      ; Off           ;
; Enable parallel Assembler and TimeQuest Timing Analyzer during compilation  ; On       ; On            ;
; Enable compact report table                                                 ; Off      ; Off           ;
; Generate compressed bitstreams                                              ; On       ; On            ;
; Compression mode                                                            ; Off      ; Off           ;
; Clock source for configuration device                                       ; Internal ; Internal      ;
; Clock frequency of the configuration device                                 ; 10 MHZ   ; 10 MHz        ;
; Divide clock frequency by                                                   ; 1        ; 1             ;
; Auto user code                                                              ; On       ; On            ;
; Use configuration device                                                    ; Off      ; Off           ;
; Configuration device                                                        ; Auto     ; Auto          ;
; Configuration device auto user code                                         ; Off      ; Off           ;
; Generate Tabular Text File (.ttf) For Target Device                         ; Off      ; Off           ;
; Generate Raw Binary File (.rbf) For Target Device                           ; Off      ; Off           ;
; Generate Hexadecimal (Intel-Format) Output File (.hexout) for Target Device ; Off      ; Off           ;
; Hexadecimal Output File start address                                       ; 0        ; 0             ;
; Hexadecimal Output File count direction                                     ; Up       ; Up            ;
; Release clears before tri-states                                            ; Off      ; Off           ;
; Auto-restart configuration after error                                      ; On       ; On            ;
; Enable OCT_DONE                                                             ; Off      ; Off           ;
; Generate Serial Vector Format File (.svf) for Target Device                 ; Off      ; Off           ;
; Generate a JEDEC STAPL Format File (.jam) for Target Device                 ; Off      ; Off           ;
; Generate a compressed Jam STAPL Byte Code 2.0 File (.jbc) for Target Device ; Off      ; Off           ;
; Generate a compressed Jam STAPL Byte Code 2.0 File (.jbc) for Target Device ; On       ; On            ;
+-----------------------------------------------------------------------------+----------+---------------+


<<<<<<< Updated upstream
+--------------------------------------------------------------------------------+
; Assembler Generated Files                                                      ;
+--------------------------------------------------------------------------------+
; File Name                                                                      ;
+--------------------------------------------------------------------------------+
; C:/Users/A610/Documents/GitHub/hdl/CPU_ON_DE0 _HEX/output_files/CPU_ON_DE0.sof ;
+--------------------------------------------------------------------------------+


+----------------------------------------------------------------------------------------------------------+
; Assembler Device Options: C:/Users/A610/Documents/GitHub/hdl/CPU_ON_DE0 _HEX/output_files/CPU_ON_DE0.sof ;
+----------------+-----------------------------------------------------------------------------------------+
; Option         ; Setting                                                                                 ;
+----------------+-----------------------------------------------------------------------------------------+
; Device         ; EP3C16F484C6                                                                            ;
; JTAG usercode  ; 0x00230F9C                                                                              ;
; Checksum       ; 0x00230F9C                                                                              ;
+----------------+-----------------------------------------------------------------------------------------+
=======
+---------------------------------------------------------+
; Assembler Generated Files                               ;
+---------------------------------------------------------+
; File Name                                               ;
+---------------------------------------------------------+
; D:/code/hdl/CPU_ON_DE0 _HEX/output_files/CPU_ON_DE0.sof ;
+---------------------------------------------------------+


+-----------------------------------------------------------------------------------+
; Assembler Device Options: D:/code/hdl/CPU_ON_DE0 _HEX/output_files/CPU_ON_DE0.sof ;
+----------------+------------------------------------------------------------------+
; Option         ; Setting                                                          ;
+----------------+------------------------------------------------------------------+
; Device         ; EP3C16F484C6                                                     ;
; JTAG usercode  ; 0x0024062D                                                       ;
; Checksum       ; 0x0024062D                                                       ;
+----------------+------------------------------------------------------------------+
>>>>>>> Stashed changes


+--------------------+
; Assembler Messages ;
+--------------------+
Info: *******************************************************************
Info: Running Quartus II 64-Bit Assembler
    Info: Version 13.0.1 Build 232 06/12/2013 Service Pack 1 SJ Web Edition
<<<<<<< Updated upstream
    Info: Processing started: Fri Dec 22 17:38:26 2023
=======
    Info: Processing started: Thu Dec 21 15:17:01 2023
>>>>>>> Stashed changes
Info: Command: quartus_asm --read_settings_files=off --write_settings_files=off CPU_ON_DE0 -c CPU_ON_DE0
Info (115031): Writing out detailed assembly data for power analysis
Info (115030): Assembler is generating device programming files
Info: Quartus II 64-Bit Assembler was successful. 0 errors, 0 warnings
<<<<<<< Updated upstream
    Info: Peak virtual memory: 4554 megabytes
    Info: Processing ended: Fri Dec 22 17:38:27 2023
    Info: Elapsed time: 00:00:01
=======
    Info: Peak virtual memory: 4544 megabytes
    Info: Processing ended: Thu Dec 21 15:17:03 2023
    Info: Elapsed time: 00:00:02
>>>>>>> Stashed changes
    Info: Total CPU time (on all processors): 00:00:01


