EDA Netlist Writer report for CPU_ON_DE0
<<<<<<< Updated upstream
Fri Dec 22 17:38:31 2023
=======
Thu Dec 21 15:17:11 2023
>>>>>>> Stashed changes
Quartus II 64-Bit Version 13.0.1 Build 232 06/12/2013 Service Pack 1 SJ Web Edition


---------------------
; Table of Contents ;
---------------------
  1. Legal Notice
  2. EDA Netlist Writer Summary
  3. Simulation Settings
  4. EDA Netlist Writer Messages



----------------
; Legal Notice ;
----------------
Copyright (C) 1991-2013 Altera Corporation
Your use of Altera Corporation's design tools, logic functions 
and other software and tools, and its AMPP partner logic 
functions, and any output files from any of the foregoing 
(including device programming or simulation files), and any 
associated documentation or information are expressly subject 
to the terms and conditions of the Altera Program License 
Subscription Agreement, Altera MegaCore Function License 
Agreement, or other applicable license agreement, including, 
without limitation, that your use is for the sole purpose of 
programming logic devices manufactured by Altera and sold by 
Altera or its authorized distributors.  Please refer to the 
applicable agreement for further details.



+-------------------------------------------------------------------+
; EDA Netlist Writer Summary                                        ;
+---------------------------+---------------------------------------+
<<<<<<< Updated upstream
; EDA Netlist Writer Status ; Successful - Fri Dec 22 17:38:31 2023 ;
=======
; EDA Netlist Writer Status ; Successful - Thu Dec 21 15:17:11 2023 ;
>>>>>>> Stashed changes
; Revision Name             ; CPU_ON_DE0                            ;
; Top-level Entity Name     ; CPU_ON_DE0                            ;
; Family                    ; Cyclone III                           ;
; Simulation Files Creation ; Failed                                ;
+---------------------------+---------------------------------------+


+-------------------------------------------------------------------------------------------------------------------------------+
; Simulation Settings                                                                                                           ;
+---------------------------------------------------------------------------------------------------+---------------------------+
; Option                                                                                            ; Setting                   ;
+---------------------------------------------------------------------------------------------------+---------------------------+
; Tool Name                                                                                         ; ModelSim-Altera (Verilog) ;
; Generate netlist for functional simulation only                                                   ; On                        ;
; Truncate long hierarchy paths                                                                     ; Off                       ;
; Map illegal HDL characters                                                                        ; Off                       ;
; Flatten buses into individual nodes                                                               ; Off                       ;
; Maintain hierarchy                                                                                ; Off                       ;
; Bring out device-wide set/reset signals as ports                                                  ; Off                       ;
; Enable glitch filtering                                                                           ; Off                       ;
; Do not write top level VHDL entity                                                                ; Off                       ;
; Disable detection of setup and hold time violations in the input registers of bi-directional pins ; Off                       ;
; Architecture name in VHDL output netlist                                                          ; structure                 ;
; Generate third-party EDA tool command script for RTL functional simulation                        ; Off                       ;
; Generate third-party EDA tool command script for gate-level simulation                            ; Off                       ;
+---------------------------------------------------------------------------------------------------+---------------------------+


+-----------------------------+
; EDA Netlist Writer Messages ;
+-----------------------------+
Info: *******************************************************************
Info: Running Quartus II 64-Bit EDA Netlist Writer
    Info: Version 13.0.1 Build 232 06/12/2013 Service Pack 1 SJ Web Edition
<<<<<<< Updated upstream
    Info: Processing started: Fri Dec 22 17:38:31 2023
Info: Command: quartus_eda --read_settings_files=off --write_settings_files=off CPU_ON_DE0 -c CPU_ON_DE0
Info: Quartus II 64-Bit EDA Netlist Writer was successful. 0 errors, 0 warnings
    Info: Peak virtual memory: 4543 megabytes
    Info: Processing ended: Fri Dec 22 17:38:31 2023
    Info: Elapsed time: 00:00:00
=======
    Info: Processing started: Thu Dec 21 15:17:10 2023
Info: Command: quartus_eda --read_settings_files=off --write_settings_files=off CPU_ON_DE0 -c CPU_ON_DE0
Info: Quartus II 64-Bit EDA Netlist Writer was successful. 0 errors, 0 warnings
    Info: Peak virtual memory: 4533 megabytes
    Info: Processing ended: Thu Dec 21 15:17:11 2023
    Info: Elapsed time: 00:00:01
>>>>>>> Stashed changes
    Info: Total CPU time (on all processors): 00:00:00


