Analysis & Synthesis report for DE0_CV
Mon Nov 06 12:15:34 2023
Quartus Prime Version 19.1.0 Build 670 09/22/2019 SJ Lite Edition


---------------------
; Table of Contents ;
---------------------
  1. Legal Notice
  2. Analysis & Synthesis Summary
  3. Analysis & Synthesis Settings
  4. Parallel Compilation
  5. Analysis & Synthesis Source Files Read
  6. Analysis & Synthesis Resource Usage Summary
  7. Analysis & Synthesis Resource Utilization by Entity
  8. Registers Removed During Synthesis
  9. General Register Statistics
 10. Multiplexer Restructuring Statistics (Restructuring Performed)
 11. Post-Synthesis Netlist Statistics for Top Partition
 12. Elapsed Time Per Partition
 13. Analysis & Synthesis Messages



----------------
; Legal Notice ;
----------------
Copyright (C) 2019  Intel Corporation. All rights reserved.
Your use of Intel Corporation's design tools, logic functions 
and other software and tools, and any partner logic 
functions, and any output files from any of the foregoing 
(including device programming or simulation files), and any 
associated documentation or information are expressly subject 
to the terms and conditions of the Intel Program License 
Subscription Agreement, the Intel Quartus Prime License Agreement,
the Intel FPGA IP License Agreement, or other applicable license
agreement, including, without limitation, that your use is for
the sole purpose of programming logic devices manufactured by
Intel and sold by Intel or its authorized distributors.  Please
refer to the applicable agreement for further details, at
https://fpgasoftware.intel.com/eula.



+-------------------------------------------------------------------------------+
; Analysis & Synthesis Summary                                                  ;
+---------------------------------+---------------------------------------------+
; Analysis & Synthesis Status     ; Successful - Mon Nov 06 12:15:34 2023       ;
; Quartus Prime Version           ; 19.1.0 Build 670 09/22/2019 SJ Lite Edition ;
; Revision Name                   ; DE0_CV                                      ;
; Top-level Entity Name           ; DE0_CV                                      ;
; Family                          ; Cyclone V                                   ;
; Logic utilization (in ALMs)     ; N/A                                         ;
; Total registers                 ; 38                                          ;
; Total pins                      ; 206                                         ;
; Total virtual pins              ; 0                                           ;
; Total block memory bits         ; 0                                           ;
; Total DSP Blocks                ; 0                                           ;
; Total HSSI RX PCSs              ; 0                                           ;
; Total HSSI PMA RX Deserializers ; 0                                           ;
; Total HSSI TX PCSs              ; 0                                           ;
; Total HSSI PMA TX Serializers   ; 0                                           ;
; Total PLLs                      ; 0                                           ;
; Total DLLs                      ; 0                                           ;
+---------------------------------+---------------------------------------------+


+---------------------------------------------------------------------------------------------------------------------------+
; Analysis & Synthesis Settings                                                                                             ;
+---------------------------------------------------------------------------------+--------------------+--------------------+
; Option                                                                          ; Setting            ; Default Value      ;
+---------------------------------------------------------------------------------+--------------------+--------------------+
; Device                                                                          ; 5CEBA4F23C7        ;                    ;
; Top-level entity name                                                           ; DE0_CV             ; DE0_CV             ;
; Family name                                                                     ; Cyclone V          ; Cyclone V          ;
; Use smart compilation                                                           ; Off                ; Off                ;
; Enable parallel Assembler and Timing Analyzer during compilation                ; On                 ; On                 ;
; Enable compact report table                                                     ; Off                ; Off                ;
; Restructure Multiplexers                                                        ; Auto               ; Auto               ;
; MLAB Add Timing Constraints For Mixed-Port Feed-Through Mode Setting Don't Care ; Off                ; Off                ;
; Create Debugging Nodes for IP Cores                                             ; Off                ; Off                ;
; Preserve fewer node names                                                       ; On                 ; On                 ;
; Intel FPGA IP Evaluation Mode                                                   ; Enable             ; Enable             ;
; Verilog Version                                                                 ; Verilog_2001       ; Verilog_2001       ;
; VHDL Version                                                                    ; VHDL_1993          ; VHDL_1993          ;
; State Machine Processing                                                        ; Auto               ; Auto               ;
; Safe State Machine                                                              ; Off                ; Off                ;
; Extract Verilog State Machines                                                  ; On                 ; On                 ;
; Extract VHDL State Machines                                                     ; On                 ; On                 ;
; Ignore Verilog initial constructs                                               ; Off                ; Off                ;
; Iteration limit for constant Verilog loops                                      ; 5000               ; 5000               ;
; Iteration limit for non-constant Verilog loops                                  ; 250                ; 250                ;
; Add Pass-Through Logic to Inferred RAMs                                         ; On                 ; On                 ;
; Infer RAMs from Raw Logic                                                       ; On                 ; On                 ;
; Parallel Synthesis                                                              ; On                 ; On                 ;
; DSP Block Balancing                                                             ; Auto               ; Auto               ;
; NOT Gate Push-Back                                                              ; On                 ; On                 ;
; Power-Up Don't Care                                                             ; On                 ; On                 ;
; Remove Redundant Logic Cells                                                    ; Off                ; Off                ;
; Remove Duplicate Registers                                                      ; On                 ; On                 ;
; Ignore CARRY Buffers                                                            ; Off                ; Off                ;
; Ignore CASCADE Buffers                                                          ; Off                ; Off                ;
; Ignore GLOBAL Buffers                                                           ; Off                ; Off                ;
; Ignore ROW GLOBAL Buffers                                                       ; Off                ; Off                ;
; Ignore LCELL Buffers                                                            ; Off                ; Off                ;
; Ignore SOFT Buffers                                                             ; On                 ; On                 ;
; Limit AHDL Integers to 32 Bits                                                  ; Off                ; Off                ;
; Optimization Technique                                                          ; Balanced           ; Balanced           ;
; Carry Chain Length                                                              ; 70                 ; 70                 ;
; Auto Carry Chains                                                               ; On                 ; On                 ;
; Auto Open-Drain Pins                                                            ; On                 ; On                 ;
; Perform WYSIWYG Primitive Resynthesis                                           ; Off                ; Off                ;
; Auto ROM Replacement                                                            ; On                 ; On                 ;
; Auto RAM Replacement                                                            ; On                 ; On                 ;
; Auto DSP Block Replacement                                                      ; On                 ; On                 ;
; Auto Shift Register Replacement                                                 ; Auto               ; Auto               ;
; Allow Shift Register Merging across Hierarchies                                 ; Auto               ; Auto               ;
; Auto Clock Enable Replacement                                                   ; On                 ; On                 ;
; Strict RAM Replacement                                                          ; Off                ; Off                ;
; Allow Synchronous Control Signals                                               ; On                 ; On                 ;
; Force Use of Synchronous Clear Signals                                          ; Off                ; Off                ;
; Auto Resource Sharing                                                           ; Off                ; Off                ;
; Allow Any RAM Size For Recognition                                              ; Off                ; Off                ;
; Allow Any ROM Size For Recognition                                              ; Off                ; Off                ;
; Allow Any Shift Register Size For Recognition                                   ; Off                ; Off                ;
; Use LogicLock Constraints during Resource Balancing                             ; On                 ; On                 ;
; Ignore translate_off and synthesis_off directives                               ; Off                ; Off                ;
; Timing-Driven Synthesis                                                         ; On                 ; On                 ;
; Report Parameter Settings                                                       ; On                 ; On                 ;
; Report Source Assignments                                                       ; On                 ; On                 ;
; Report Connectivity Checks                                                      ; On                 ; On                 ;
; Ignore Maximum Fan-Out Assignments                                              ; Off                ; Off                ;
; Synchronization Register Chain Length                                           ; 3                  ; 3                  ;
; Power Optimization During Synthesis                                             ; Normal compilation ; Normal compilation ;
; HDL message level                                                               ; Level2             ; Level2             ;
; Suppress Register Optimization Related Messages                                 ; Off                ; Off                ;
; Number of Removed Registers Reported in Synthesis Report                        ; 5000               ; 5000               ;
; Number of Swept Nodes Reported in Synthesis Report                              ; 5000               ; 5000               ;
; Number of Inverted Registers Reported in Synthesis Report                       ; 100                ; 100                ;
; Clock MUX Protection                                                            ; On                 ; On                 ;
; Auto Gated Clock Conversion                                                     ; Off                ; Off                ;
; Block Design Naming                                                             ; Auto               ; Auto               ;
; SDC constraint protection                                                       ; Off                ; Off                ;
; Synthesis Effort                                                                ; Auto               ; Auto               ;
; Shift Register Replacement - Allow Asynchronous Clear Signal                    ; On                 ; On                 ;
; Pre-Mapping Resynthesis Optimization                                            ; Off                ; Off                ;
; Analysis & Synthesis Message Level                                              ; Medium             ; Medium             ;
; Disable Register Merging Across Hierarchies                                     ; Auto               ; Auto               ;
; Resource Aware Inference For Block RAM                                          ; On                 ; On                 ;
; Automatic Parallel Synthesis                                                    ; On                 ; On                 ;
; Partial Reconfiguration Bitstream ID                                            ; Off                ; Off                ;
+---------------------------------------------------------------------------------+--------------------+--------------------+


+------------------------------------------+
; Parallel Compilation                     ;
+----------------------------+-------------+
; Processors                 ; Number      ;
+----------------------------+-------------+
; Number detected on machine ; 20          ;
; Maximum allowed            ; 12          ;
;                            ;             ;
; Average used               ; 1.00        ;
; Maximum used               ; 1           ;
;                            ;             ;
; Usage by Processor         ; % Time Used ;
;     Processor 1            ; 100.0%      ;
+----------------------------+-------------+


+----------------------------------------------------------------------------------------------------------------------------------------------------------+
; Analysis & Synthesis Source Files Read                                                                                                                   ;
+----------------------------------+-----------------+------------------------------+------------------------------------------------------------+---------+
; File Name with User-Entered Path ; Used in Netlist ; File Type                    ; File Name with Absolute Path                               ; Library ;
+----------------------------------+-----------------+------------------------------+------------------------------------------------------------+---------+
; design/top.sv                    ; yes             ; User SystemVerilog HDL File  ; C:/Users/A610/Desktop/hdl/DE0_CV_mid/design/top.sv         ;         ;
; design/Program_Rom.sv            ; yes             ; User SystemVerilog HDL File  ; C:/Users/A610/Desktop/hdl/DE0_CV_mid/design/Program_Rom.sv ;         ;
; design/DE0_CV.sv                 ; yes             ; User SystemVerilog HDL File  ; C:/Users/A610/Desktop/hdl/DE0_CV_mid/design/DE0_CV.sv      ;         ;
+----------------------------------+-----------------+------------------------------+------------------------------------------------------------+---------+


+------------------------------------------------------------+
; Analysis & Synthesis Resource Usage Summary                ;
+---------------------------------------------+--------------+
; Resource                                    ; Usage        ;
+---------------------------------------------+--------------+
; Estimate of Logic utilization (ALMs needed) ; 23           ;
;                                             ;              ;
; Combinational ALUT usage for logic          ; 41           ;
;     -- 7 input functions                    ; 0            ;
;     -- 6 input functions                    ; 2            ;
;     -- 5 input functions                    ; 2            ;
;     -- 4 input functions                    ; 16           ;
;     -- <=3 input functions                  ; 21           ;
;                                             ;              ;
; Dedicated logic registers                   ; 38           ;
;                                             ;              ;
; I/O pins                                    ; 206          ;
;                                             ;              ;
; Total DSP Blocks                            ; 0            ;
;                                             ;              ;
; Maximum fan-out node                        ; KEY[1]~input ;
; Maximum fan-out                             ; 42           ;
; Total fan-out                               ; 598          ;
; Average fan-out                             ; 1.02         ;
+---------------------------------------------+--------------+


+----------------------------------------------------------------------------------------------------------------------------------------------------------------------------------------------------+
; Analysis & Synthesis Resource Utilization by Entity                                                                                                                                                ;
+----------------------------+---------------------+---------------------------+-------------------+------------+------+--------------+---------------------------------+-------------+--------------+
; Compilation Hierarchy Node ; Combinational ALUTs ; Dedicated Logic Registers ; Block Memory Bits ; DSP Blocks ; Pins ; Virtual Pins ; Full Hierarchy Name             ; Entity Name ; Library Name ;
+----------------------------+---------------------+---------------------------+-------------------+------------+------+--------------+---------------------------------+-------------+--------------+
; |DE0_CV                    ; 41 (0)              ; 38 (0)                    ; 0                 ; 0          ; 206  ; 0            ; |DE0_CV                         ; DE0_CV      ; work         ;
;    |top:top1|              ; 41 (36)             ; 38 (38)                   ; 0                 ; 0          ; 0    ; 0            ; |DE0_CV|top:top1                ; top         ; work         ;
;       |Program_Rom:PC|     ; 5 (5)               ; 0 (0)                     ; 0                 ; 0          ; 0    ; 0            ; |DE0_CV|top:top1|Program_Rom:PC ; Program_Rom ; work         ;
+----------------------------+---------------------+---------------------------+-------------------+------------+------+--------------+---------------------------------+-------------+--------------+
Note: For table entries with two numbers listed, the numbers in parentheses indicate the number of resources of the given type used by the specific entity alone. The numbers listed outside of parentheses indicate the total resources of the given type used by the specific entity and all of its sub-entities in the hierarchy.


+---------------------------------------------------------------------------------+
; Registers Removed During Synthesis                                              ;
+----------------------------------------+----------------------------------------+
; Register name                          ; Reason for Removal                     ;
+----------------------------------------+----------------------------------------+
; top:top1|ps[3..31]                     ; Stuck at GND due to stuck port data_in ;
; top:top1|ir_q[4..8]                    ; Merged with top:top1|ir_q[3]           ;
; top:top1|ir_q[13]                      ; Merged with top:top1|ir_q[12]          ;
; top:top1|ir_q[9,11]                    ; Merged with top:top1|ir_q[10]          ;
; top:top1|ir_q[3]                       ; Stuck at GND due to stuck port data_in ;
; Total Number of Removed Registers = 38 ;                                        ;
+----------------------------------------+----------------------------------------+


+------------------------------------------------------+
; General Register Statistics                          ;
+----------------------------------------------+-------+
; Statistic                                    ; Value ;
+----------------------------------------------+-------+
; Total registers                              ; 38    ;
; Number of registers using Synchronous Clear  ; 31    ;
; Number of registers using Synchronous Load   ; 0     ;
; Number of registers using Asynchronous Clear ; 0     ;
; Number of registers using Asynchronous Load  ; 0     ;
; Number of registers using Clock Enable       ; 35    ;
; Number of registers using Preset             ; 0     ;
+----------------------------------------------+-------+


+------------------------------------------------------------------------------------------------------------------------------------------+
; Multiplexer Restructuring Statistics (Restructuring Performed)                                                                           ;
+--------------------+-----------+---------------+----------------------+------------------------+------------+----------------------------+
; Multiplexer Inputs ; Bus Width ; Baseline Area ; Area if Restructured ; Saving if Restructured ; Registered ; Example Multiplexer Output ;
+--------------------+-----------+---------------+----------------------+------------------------+------------+----------------------------+
; 3:1                ; 11 bits   ; 22 LEs        ; 0 LEs                ; 22 LEs                 ; Yes        ; |DE0_CV|top:top1|mar_q[10] ;
; 3:1                ; 11 bits   ; 22 LEs        ; 0 LEs                ; 22 LEs                 ; Yes        ; |DE0_CV|top:top1|PC_q[2]   ;
; 3:1                ; 5 bits    ; 10 LEs        ; 5 LEs                ; 5 LEs                  ; Yes        ; |DE0_CV|top:top1|ir_q[12]  ;
; 4:1                ; 5 bits    ; 10 LEs        ; 10 LEs               ; 0 LEs                  ; Yes        ; |DE0_CV|top:top1|w_q[5]    ;
; 4:1                ; 3 bits    ; 6 LEs         ; 6 LEs                ; 0 LEs                  ; Yes        ; |DE0_CV|top:top1|w_q[1]    ;
+--------------------+-----------+---------------+----------------------+------------------------+------------+----------------------------+


+-----------------------------------------------------+
; Post-Synthesis Netlist Statistics for Top Partition ;
+-----------------------+-----------------------------+
; Type                  ; Count                       ;
+-----------------------+-----------------------------+
; arriav_ff             ; 38                          ;
;     ENA               ; 7                           ;
;     ENA SCLR          ; 28                          ;
;     SCLR              ; 3                           ;
; arriav_io_obuf        ; 98                          ;
; arriav_lcell_comb     ; 42                          ;
;     arith             ; 19                          ;
;         1 data inputs ; 11                          ;
;         3 data inputs ; 5                           ;
;         4 data inputs ; 3                           ;
;     normal            ; 23                          ;
;         0 data inputs ; 1                           ;
;         3 data inputs ; 5                           ;
;         4 data inputs ; 13                          ;
;         5 data inputs ; 2                           ;
;         6 data inputs ; 2                           ;
; boundary_port         ; 206                         ;
;                       ;                             ;
; Max LUT depth         ; 2.70                        ;
; Average LUT depth     ; 0.94                        ;
+-----------------------+-----------------------------+


+-------------------------------+
; Elapsed Time Per Partition    ;
+----------------+--------------+
; Partition Name ; Elapsed Time ;
+----------------+--------------+
; Top            ; 00:00:00     ;
+----------------+--------------+


+-------------------------------+
; Analysis & Synthesis Messages ;
+-------------------------------+
Info: *******************************************************************
Info: Running Quartus Prime Analysis & Synthesis
    Info: Version 19.1.0 Build 670 09/22/2019 SJ Lite Edition
    Info: Processing started: Mon Nov 06 12:15:30 2023
Info: Command: quartus_map --read_settings_files=on --write_settings_files=off DE0_CV -c DE0_CV
Warning (18236): Number of processors has not been specified which may cause overloading on shared machines.  Set the global assignment NUM_PARALLEL_PROCESSORS in your QSF to an appropriate value for best performance.
Info (20030): Parallel compilation is enabled and will use 12 of the 12 processors detected
Info (12021): Found 1 design units, including 1 entities, in source file design/top.sv
    Info (12023): Found entity 1: top File: C:/Users/A610/Desktop/hdl/DE0_CV_mid/design/top.sv Line: 1
Info (12021): Found 1 design units, including 1 entities, in source file design/program_rom.sv
    Info (12023): Found entity 1: Program_Rom File: C:/Users/A610/Desktop/hdl/DE0_CV_mid/design/Program_Rom.sv Line: 1
Info (12021): Found 1 design units, including 1 entities, in source file design/adder_4bit.sv
    Info (12023): Found entity 1: adder_4bit File: C:/Users/A610/Desktop/hdl/DE0_CV_mid/design/adder_4bit.sv Line: 1
Info (12021): Found 1 design units, including 1 entities, in source file design/de0_cv.sv
    Info (12023): Found entity 1: DE0_CV File: C:/Users/A610/Desktop/hdl/DE0_CV_mid/design/DE0_CV.sv Line: 6
Info (12127): Elaborating entity "DE0_CV" for the top level hierarchy
Warning (10034): Output port "DRAM_ADDR" at DE0_CV.sv(15) has no driver File: C:/Users/A610/Desktop/hdl/DE0_CV_mid/design/DE0_CV.sv Line: 15
Warning (10034): Output port "DRAM_BA" at DE0_CV.sv(16) has no driver File: C:/Users/A610/Desktop/hdl/DE0_CV_mid/design/DE0_CV.sv Line: 16
Warning (10034): Output port "HEX0" at DE0_CV.sv(28) has no driver File: C:/Users/A610/Desktop/hdl/DE0_CV_mid/design/DE0_CV.sv Line: 28
Warning (10034): Output port "HEX1" at DE0_CV.sv(29) has no driver File: C:/Users/A610/Desktop/hdl/DE0_CV_mid/design/DE0_CV.sv Line: 29
Warning (10034): Output port "HEX2" at DE0_CV.sv(30) has no driver File: C:/Users/A610/Desktop/hdl/DE0_CV_mid/design/DE0_CV.sv Line: 30
Warning (10034): Output port "HEX3" at DE0_CV.sv(31) has no driver File: C:/Users/A610/Desktop/hdl/DE0_CV_mid/design/DE0_CV.sv Line: 31
Warning (10034): Output port "HEX4" at DE0_CV.sv(32) has no driver File: C:/Users/A610/Desktop/hdl/DE0_CV_mid/design/DE0_CV.sv Line: 32
Warning (10034): Output port "HEX5" at DE0_CV.sv(33) has no driver File: C:/Users/A610/Desktop/hdl/DE0_CV_mid/design/DE0_CV.sv Line: 33
Warning (10034): Output port "LEDR[9..8]" at DE0_CV.sv(40) has no driver File: C:/Users/A610/Desktop/hdl/DE0_CV_mid/design/DE0_CV.sv Line: 40
Warning (10034): Output port "VGA_B" at DE0_CV.sv(57) has no driver File: C:/Users/A610/Desktop/hdl/DE0_CV_mid/design/DE0_CV.sv Line: 57
Warning (10034): Output port "VGA_G" at DE0_CV.sv(58) has no driver File: C:/Users/A610/Desktop/hdl/DE0_CV_mid/design/DE0_CV.sv Line: 58
Warning (10034): Output port "VGA_R" at DE0_CV.sv(60) has no driver File: C:/Users/A610/Desktop/hdl/DE0_CV_mid/design/DE0_CV.sv Line: 60
Warning (10034): Output port "DRAM_CAS_N" at DE0_CV.sv(17) has no driver File: C:/Users/A610/Desktop/hdl/DE0_CV_mid/design/DE0_CV.sv Line: 17
Warning (10034): Output port "DRAM_CKE" at DE0_CV.sv(18) has no driver File: C:/Users/A610/Desktop/hdl/DE0_CV_mid/design/DE0_CV.sv Line: 18
Warning (10034): Output port "DRAM_CLK" at DE0_CV.sv(19) has no driver File: C:/Users/A610/Desktop/hdl/DE0_CV_mid/design/DE0_CV.sv Line: 19
Warning (10034): Output port "DRAM_CS_N" at DE0_CV.sv(20) has no driver File: C:/Users/A610/Desktop/hdl/DE0_CV_mid/design/DE0_CV.sv Line: 20
Warning (10034): Output port "DRAM_LDQM" at DE0_CV.sv(22) has no driver File: C:/Users/A610/Desktop/hdl/DE0_CV_mid/design/DE0_CV.sv Line: 22
Warning (10034): Output port "DRAM_RAS_N" at DE0_CV.sv(23) has no driver File: C:/Users/A610/Desktop/hdl/DE0_CV_mid/design/DE0_CV.sv Line: 23
Warning (10034): Output port "DRAM_UDQM" at DE0_CV.sv(24) has no driver File: C:/Users/A610/Desktop/hdl/DE0_CV_mid/design/DE0_CV.sv Line: 24
Warning (10034): Output port "DRAM_WE_N" at DE0_CV.sv(25) has no driver File: C:/Users/A610/Desktop/hdl/DE0_CV_mid/design/DE0_CV.sv Line: 25
Warning (10034): Output port "SD_CLK" at DE0_CV.sv(49) has no driver File: C:/Users/A610/Desktop/hdl/DE0_CV_mid/design/DE0_CV.sv Line: 49
Warning (10034): Output port "VGA_HS" at DE0_CV.sv(59) has no driver File: C:/Users/A610/Desktop/hdl/DE0_CV_mid/design/DE0_CV.sv Line: 59
Warning (10034): Output port "VGA_VS" at DE0_CV.sv(61) has no driver File: C:/Users/A610/Desktop/hdl/DE0_CV_mid/design/DE0_CV.sv Line: 61
Info (12128): Elaborating entity "top" for hierarchy "top:top1" File: C:/Users/A610/Desktop/hdl/DE0_CV_mid/design/DE0_CV.sv Line: 86
Warning (10230): Verilog HDL assignment warning at top.sv(30): truncated value with size 32 to match size of target (11) File: C:/Users/A610/Desktop/hdl/DE0_CV_mid/design/top.sv Line: 30
Info (12128): Elaborating entity "Program_Rom" for hierarchy "top:top1|Program_Rom:PC" File: C:/Users/A610/Desktop/hdl/DE0_CV_mid/design/top.sv Line: 27
Warning (13039): The following bidirectional pins have no drivers
    Warning (13040): bidirectional pin "CLOCK4_50" has no driver File: C:/Users/A610/Desktop/hdl/DE0_CV_mid/design/DE0_CV.sv Line: 12
    Warning (13040): bidirectional pin "DRAM_DQ[0]" has no driver File: C:/Users/A610/Desktop/hdl/DE0_CV_mid/design/DE0_CV.sv Line: 21
    Warning (13040): bidirectional pin "DRAM_DQ[1]" has no driver File: C:/Users/A610/Desktop/hdl/DE0_CV_mid/design/DE0_CV.sv Line: 21
    Warning (13040): bidirectional pin "DRAM_DQ[2]" has no driver File: C:/Users/A610/Desktop/hdl/DE0_CV_mid/design/DE0_CV.sv Line: 21
    Warning (13040): bidirectional pin "DRAM_DQ[3]" has no driver File: C:/Users/A610/Desktop/hdl/DE0_CV_mid/design/DE0_CV.sv Line: 21
    Warning (13040): bidirectional pin "DRAM_DQ[4]" has no driver File: C:/Users/A610/Desktop/hdl/DE0_CV_mid/design/DE0_CV.sv Line: 21
    Warning (13040): bidirectional pin "DRAM_DQ[5]" has no driver File: C:/Users/A610/Desktop/hdl/DE0_CV_mid/design/DE0_CV.sv Line: 21
    Warning (13040): bidirectional pin "DRAM_DQ[6]" has no driver File: C:/Users/A610/Desktop/hdl/DE0_CV_mid/design/DE0_CV.sv Line: 21
    Warning (13040): bidirectional pin "DRAM_DQ[7]" has no driver File: C:/Users/A610/Desktop/hdl/DE0_CV_mid/design/DE0_CV.sv Line: 21
    Warning (13040): bidirectional pin "DRAM_DQ[8]" has no driver File: C:/Users/A610/Desktop/hdl/DE0_CV_mid/design/DE0_CV.sv Line: 21
    Warning (13040): bidirectional pin "DRAM_DQ[9]" has no driver File: C:/Users/A610/Desktop/hdl/DE0_CV_mid/design/DE0_CV.sv Line: 21
    Warning (13040): bidirectional pin "DRAM_DQ[10]" has no driver File: C:/Users/A610/Desktop/hdl/DE0_CV_mid/design/DE0_CV.sv Line: 21
    Warning (13040): bidirectional pin "DRAM_DQ[11]" has no driver File: C:/Users/A610/Desktop/hdl/DE0_CV_mid/design/DE0_CV.sv Line: 21
    Warning (13040): bidirectional pin "DRAM_DQ[12]" has no driver File: C:/Users/A610/Desktop/hdl/DE0_CV_mid/design/DE0_CV.sv Line: 21
    Warning (13040): bidirectional pin "DRAM_DQ[13]" has no driver File: C:/Users/A610/Desktop/hdl/DE0_CV_mid/design/DE0_CV.sv Line: 21
    Warning (13040): bidirectional pin "DRAM_DQ[14]" has no driver File: C:/Users/A610/Desktop/hdl/DE0_CV_mid/design/DE0_CV.sv Line: 21
    Warning (13040): bidirectional pin "DRAM_DQ[15]" has no driver File: C:/Users/A610/Desktop/hdl/DE0_CV_mid/design/DE0_CV.sv Line: 21
    Warning (13040): bidirectional pin "PS2_CLK" has no driver File: C:/Users/A610/Desktop/hdl/DE0_CV_mid/design/DE0_CV.sv Line: 43
    Warning (13040): bidirectional pin "PS2_CLK2" has no driver File: C:/Users/A610/Desktop/hdl/DE0_CV_mid/design/DE0_CV.sv Line: 44
    Warning (13040): bidirectional pin "PS2_DAT" has no driver File: C:/Users/A610/Desktop/hdl/DE0_CV_mid/design/DE0_CV.sv Line: 45
    Warning (13040): bidirectional pin "PS2_DAT2" has no driver File: C:/Users/A610/Desktop/hdl/DE0_CV_mid/design/DE0_CV.sv Line: 46
    Warning (13040): bidirectional pin "SD_CMD" has no driver File: C:/Users/A610/Desktop/hdl/DE0_CV_mid/design/DE0_CV.sv Line: 50
    Warning (13040): bidirectional pin "SD_DATA[0]" has no driver File: C:/Users/A610/Desktop/hdl/DE0_CV_mid/design/DE0_CV.sv Line: 51
    Warning (13040): bidirectional pin "SD_DATA[1]" has no driver File: C:/Users/A610/Desktop/hdl/DE0_CV_mid/design/DE0_CV.sv Line: 51
    Warning (13040): bidirectional pin "SD_DATA[2]" has no driver File: C:/Users/A610/Desktop/hdl/DE0_CV_mid/design/DE0_CV.sv Line: 51
    Warning (13040): bidirectional pin "SD_DATA[3]" has no driver File: C:/Users/A610/Desktop/hdl/DE0_CV_mid/design/DE0_CV.sv Line: 51
    Warning (13040): bidirectional pin "GPIO_0[0]" has no driver File: C:/Users/A610/Desktop/hdl/DE0_CV_mid/design/DE0_CV.sv Line: 64
    Warning (13040): bidirectional pin "GPIO_0[1]" has no driver File: C:/Users/A610/Desktop/hdl/DE0_CV_mid/design/DE0_CV.sv Line: 64
    Warning (13040): bidirectional pin "GPIO_0[2]" has no driver File: C:/Users/A610/Desktop/hdl/DE0_CV_mid/design/DE0_CV.sv Line: 64
    Warning (13040): bidirectional pin "GPIO_0[3]" has no driver File: C:/Users/A610/Desktop/hdl/DE0_CV_mid/design/DE0_CV.sv Line: 64
    Warning (13040): bidirectional pin "GPIO_0[4]" has no driver File: C:/Users/A610/Desktop/hdl/DE0_CV_mid/design/DE0_CV.sv Line: 64
    Warning (13040): bidirectional pin "GPIO_0[5]" has no driver File: C:/Users/A610/Desktop/hdl/DE0_CV_mid/design/DE0_CV.sv Line: 64
    Warning (13040): bidirectional pin "GPIO_0[6]" has no driver File: C:/Users/A610/Desktop/hdl/DE0_CV_mid/design/DE0_CV.sv Line: 64
    Warning (13040): bidirectional pin "GPIO_0[7]" has no driver File: C:/Users/A610/Desktop/hdl/DE0_CV_mid/design/DE0_CV.sv Line: 64
    Warning (13040): bidirectional pin "GPIO_0[8]" has no driver File: C:/Users/A610/Desktop/hdl/DE0_CV_mid/design/DE0_CV.sv Line: 64
    Warning (13040): bidirectional pin "GPIO_0[9]" has no driver File: C:/Users/A610/Desktop/hdl/DE0_CV_mid/design/DE0_CV.sv Line: 64
    Warning (13040): bidirectional pin "GPIO_0[10]" has no driver File: C:/Users/A610/Desktop/hdl/DE0_CV_mid/design/DE0_CV.sv Line: 64
    Warning (13040): bidirectional pin "GPIO_0[11]" has no driver File: C:/Users/A610/Desktop/hdl/DE0_CV_mid/design/DE0_CV.sv Line: 64
    Warning (13040): bidirectional pin "GPIO_0[12]" has no driver File: C:/Users/A610/Desktop/hdl/DE0_CV_mid/design/DE0_CV.sv Line: 64
    Warning (13040): bidirectional pin "GPIO_0[13]" has no driver File: C:/Users/A610/Desktop/hdl/DE0_CV_mid/design/DE0_CV.sv Line: 64
    Warning (13040): bidirectional pin "GPIO_0[14]" has no driver File: C:/Users/A610/Desktop/hdl/DE0_CV_mid/design/DE0_CV.sv Line: 64
    Warning (13040): bidirectional pin "GPIO_0[15]" has no driver File: C:/Users/A610/Desktop/hdl/DE0_CV_mid/design/DE0_CV.sv Line: 64
    Warning (13040): bidirectional pin "GPIO_0[16]" has no driver File: C:/Users/A610/Desktop/hdl/DE0_CV_mid/design/DE0_CV.sv Line: 64
    Warning (13040): bidirectional pin "GPIO_0[17]" has no driver File: C:/Users/A610/Desktop/hdl/DE0_CV_mid/design/DE0_CV.sv Line: 64
    Warning (13040): bidirectional pin "GPIO_0[18]" has no driver File: C:/Users/A610/Desktop/hdl/DE0_CV_mid/design/DE0_CV.sv Line: 64
    Warning (13040): bidirectional pin "GPIO_0[19]" has no driver File: C:/Users/A610/Desktop/hdl/DE0_CV_mid/design/DE0_CV.sv Line: 64
    Warning (13040): bidirectional pin "GPIO_0[20]" has no driver File: C:/Users/A610/Desktop/hdl/DE0_CV_mid/design/DE0_CV.sv Line: 64
    Warning (13040): bidirectional pin "GPIO_0[21]" has no driver File: C:/Users/A610/Desktop/hdl/DE0_CV_mid/design/DE0_CV.sv Line: 64
    Warning (13040): bidirectional pin "GPIO_0[22]" has no driver File: C:/Users/A610/Desktop/hdl/DE0_CV_mid/design/DE0_CV.sv Line: 64
    Warning (13040): bidirectional pin "GPIO_0[23]" has no driver File: C:/Users/A610/Desktop/hdl/DE0_CV_mid/design/DE0_CV.sv Line: 64
    Warning (13040): bidirectional pin "GPIO_0[24]" has no driver File: C:/Users/A610/Desktop/hdl/DE0_CV_mid/design/DE0_CV.sv Line: 64
    Warning (13040): bidirectional pin "GPIO_0[25]" has no driver File: C:/Users/A610/Desktop/hdl/DE0_CV_mid/design/DE0_CV.sv Line: 64
    Warning (13040): bidirectional pin "GPIO_0[26]" has no driver File: C:/Users/A610/Desktop/hdl/DE0_CV_mid/design/DE0_CV.sv Line: 64
    Warning (13040): bidirectional pin "GPIO_0[27]" has no driver File: C:/Users/A610/Desktop/hdl/DE0_CV_mid/design/DE0_CV.sv Line: 64
    Warning (13040): bidirectional pin "GPIO_0[28]" has no driver File: C:/Users/A610/Desktop/hdl/DE0_CV_mid/design/DE0_CV.sv Line: 64
    Warning (13040): bidirectional pin "GPIO_0[29]" has no driver File: C:/Users/A610/Desktop/hdl/DE0_CV_mid/design/DE0_CV.sv Line: 64
    Warning (13040): bidirectional pin "GPIO_0[30]" has no driver File: C:/Users/A610/Desktop/hdl/DE0_CV_mid/design/DE0_CV.sv Line: 64
    Warning (13040): bidirectional pin "GPIO_0[31]" has no driver File: C:/Users/A610/Desktop/hdl/DE0_CV_mid/design/DE0_CV.sv Line: 64
    Warning (13040): bidirectional pin "GPIO_0[32]" has no driver File: C:/Users/A610/Desktop/hdl/DE0_CV_mid/design/DE0_CV.sv Line: 64
    Warning (13040): bidirectional pin "GPIO_0[33]" has no driver File: C:/Users/A610/Desktop/hdl/DE0_CV_mid/design/DE0_CV.sv Line: 64
    Warning (13040): bidirectional pin "GPIO_0[34]" has no driver File: C:/Users/A610/Desktop/hdl/DE0_CV_mid/design/DE0_CV.sv Line: 64
    Warning (13040): bidirectional pin "GPIO_0[35]" has no driver File: C:/Users/A610/Desktop/hdl/DE0_CV_mid/design/DE0_CV.sv Line: 64
    Warning (13040): bidirectional pin "GPIO_1[0]" has no driver File: C:/Users/A610/Desktop/hdl/DE0_CV_mid/design/DE0_CV.sv Line: 68
    Warning (13040): bidirectional pin "GPIO_1[1]" has no driver File: C:/Users/A610/Desktop/hdl/DE0_CV_mid/design/DE0_CV.sv Line: 68
    Warning (13040): bidirectional pin "GPIO_1[2]" has no driver File: C:/Users/A610/Desktop/hdl/DE0_CV_mid/design/DE0_CV.sv Line: 68
    Warning (13040): bidirectional pin "GPIO_1[3]" has no driver File: C:/Users/A610/Desktop/hdl/DE0_CV_mid/design/DE0_CV.sv Line: 68
    Warning (13040): bidirectional pin "GPIO_1[4]" has no driver File: C:/Users/A610/Desktop/hdl/DE0_CV_mid/design/DE0_CV.sv Line: 68
    Warning (13040): bidirectional pin "GPIO_1[5]" has no driver File: C:/Users/A610/Desktop/hdl/DE0_CV_mid/design/DE0_CV.sv Line: 68
    Warning (13040): bidirectional pin "GPIO_1[6]" has no driver File: C:/Users/A610/Desktop/hdl/DE0_CV_mid/design/DE0_CV.sv Line: 68
    Warning (13040): bidirectional pin "GPIO_1[7]" has no driver File: C:/Users/A610/Desktop/hdl/DE0_CV_mid/design/DE0_CV.sv Line: 68
    Warning (13040): bidirectional pin "GPIO_1[8]" has no driver File: C:/Users/A610/Desktop/hdl/DE0_CV_mid/design/DE0_CV.sv Line: 68
    Warning (13040): bidirectional pin "GPIO_1[9]" has no driver File: C:/Users/A610/Desktop/hdl/DE0_CV_mid/design/DE0_CV.sv Line: 68
    Warning (13040): bidirectional pin "GPIO_1[10]" has no driver File: C:/Users/A610/Desktop/hdl/DE0_CV_mid/design/DE0_CV.sv Line: 68
    Warning (13040): bidirectional pin "GPIO_1[11]" has no driver File: C:/Users/A610/Desktop/hdl/DE0_CV_mid/design/DE0_CV.sv Line: 68
    Warning (13040): bidirectional pin "GPIO_1[12]" has no driver File: C:/Users/A610/Desktop/hdl/DE0_CV_mid/design/DE0_CV.sv Line: 68
    Warning (13040): bidirectional pin "GPIO_1[13]" has no driver File: C:/Users/A610/Desktop/hdl/DE0_CV_mid/design/DE0_CV.sv Line: 68
    Warning (13040): bidirectional pin "GPIO_1[14]" has no driver File: C:/Users/A610/Desktop/hdl/DE0_CV_mid/design/DE0_CV.sv Line: 68
    Warning (13040): bidirectional pin "GPIO_1[15]" has no driver File: C:/Users/A610/Desktop/hdl/DE0_CV_mid/design/DE0_CV.sv Line: 68
    Warning (13040): bidirectional pin "GPIO_1[16]" has no driver File: C:/Users/A610/Desktop/hdl/DE0_CV_mid/design/DE0_CV.sv Line: 68
    Warning (13040): bidirectional pin "GPIO_1[17]" has no driver File: C:/Users/A610/Desktop/hdl/DE0_CV_mid/design/DE0_CV.sv Line: 68
    Warning (13040): bidirectional pin "GPIO_1[18]" has no driver File: C:/Users/A610/Desktop/hdl/DE0_CV_mid/design/DE0_CV.sv Line: 68
    Warning (13040): bidirectional pin "GPIO_1[19]" has no driver File: C:/Users/A610/Desktop/hdl/DE0_CV_mid/design/DE0_CV.sv Line: 68
    Warning (13040): bidirectional pin "GPIO_1[20]" has no driver File: C:/Users/A610/Desktop/hdl/DE0_CV_mid/design/DE0_CV.sv Line: 68
    Warning (13040): bidirectional pin "GPIO_1[21]" has no driver File: C:/Users/A610/Desktop/hdl/DE0_CV_mid/design/DE0_CV.sv Line: 68
    Warning (13040): bidirectional pin "GPIO_1[22]" has no driver File: C:/Users/A610/Desktop/hdl/DE0_CV_mid/design/DE0_CV.sv Line: 68
    Warning (13040): bidirectional pin "GPIO_1[23]" has no driver File: C:/Users/A610/Desktop/hdl/DE0_CV_mid/design/DE0_CV.sv Line: 68
    Warning (13040): bidirectional pin "GPIO_1[24]" has no driver File: C:/Users/A610/Desktop/hdl/DE0_CV_mid/design/DE0_CV.sv Line: 68
    Warning (13040): bidirectional pin "GPIO_1[25]" has no driver File: C:/Users/A610/Desktop/hdl/DE0_CV_mid/design/DE0_CV.sv Line: 68
    Warning (13040): bidirectional pin "GPIO_1[26]" has no driver File: C:/Users/A610/Desktop/hdl/DE0_CV_mid/design/DE0_CV.sv Line: 68
    Warning (13040): bidirectional pin "GPIO_1[27]" has no driver File: C:/Users/A610/Desktop/hdl/DE0_CV_mid/design/DE0_CV.sv Line: 68
    Warning (13040): bidirectional pin "GPIO_1[28]" has no driver File: C:/Users/A610/Desktop/hdl/DE0_CV_mid/design/DE0_CV.sv Line: 68
    Warning (13040): bidirectional pin "GPIO_1[29]" has no driver File: C:/Users/A610/Desktop/hdl/DE0_CV_mid/design/DE0_CV.sv Line: 68
    Warning (13040): bidirectional pin "GPIO_1[30]" has no driver File: C:/Users/A610/Desktop/hdl/DE0_CV_mid/design/DE0_CV.sv Line: 68
    Warning (13040): bidirectional pin "GPIO_1[31]" has no driver File: C:/Users/A610/Desktop/hdl/DE0_CV_mid/design/DE0_CV.sv Line: 68
    Warning (13040): bidirectional pin "GPIO_1[32]" has no driver File: C:/Users/A610/Desktop/hdl/DE0_CV_mid/design/DE0_CV.sv Line: 68
    Warning (13040): bidirectional pin "GPIO_1[33]" has no driver File: C:/Users/A610/Desktop/hdl/DE0_CV_mid/design/DE0_CV.sv Line: 68
    Warning (13040): bidirectional pin "GPIO_1[34]" has no driver File: C:/Users/A610/Desktop/hdl/DE0_CV_mid/design/DE0_CV.sv Line: 68
    Warning (13040): bidirectional pin "GPIO_1[35]" has no driver File: C:/Users/A610/Desktop/hdl/DE0_CV_mid/design/DE0_CV.sv Line: 68
Warning (13024): Output pins are stuck at VCC or GND
    Warning (13410): Pin "DRAM_ADDR[0]" is stuck at GND File: C:/Users/A610/Desktop/hdl/DE0_CV_mid/design/DE0_CV.sv Line: 15
    Warning (13410): Pin "DRAM_ADDR[1]" is stuck at GND File: C:/Users/A610/Desktop/hdl/DE0_CV_mid/design/DE0_CV.sv Line: 15
    Warning (13410): Pin "DRAM_ADDR[2]" is stuck at GND File: C:/Users/A610/Desktop/hdl/DE0_CV_mid/design/DE0_CV.sv Line: 15
    Warning (13410): Pin "DRAM_ADDR[3]" is stuck at GND File: C:/Users/A610/Desktop/hdl/DE0_CV_mid/design/DE0_CV.sv Line: 15
    Warning (13410): Pin "DRAM_ADDR[4]" is stuck at GND File: C:/Users/A610/Desktop/hdl/DE0_CV_mid/design/DE0_CV.sv Line: 15
    Warning (13410): Pin "DRAM_ADDR[5]" is stuck at GND File: C:/Users/A610/Desktop/hdl/DE0_CV_mid/design/DE0_CV.sv Line: 15
    Warning (13410): Pin "DRAM_ADDR[6]" is stuck at GND File: C:/Users/A610/Desktop/hdl/DE0_CV_mid/design/DE0_CV.sv Line: 15
    Warning (13410): Pin "DRAM_ADDR[7]" is stuck at GND File: C:/Users/A610/Desktop/hdl/DE0_CV_mid/design/DE0_CV.sv Line: 15
    Warning (13410): Pin "DRAM_ADDR[8]" is stuck at GND File: C:/Users/A610/Desktop/hdl/DE0_CV_mid/design/DE0_CV.sv Line: 15
    Warning (13410): Pin "DRAM_ADDR[9]" is stuck at GND File: C:/Users/A610/Desktop/hdl/DE0_CV_mid/design/DE0_CV.sv Line: 15
    Warning (13410): Pin "DRAM_ADDR[10]" is stuck at GND File: C:/Users/A610/Desktop/hdl/DE0_CV_mid/design/DE0_CV.sv Line: 15
    Warning (13410): Pin "DRAM_ADDR[11]" is stuck at GND File: C:/Users/A610/Desktop/hdl/DE0_CV_mid/design/DE0_CV.sv Line: 15
    Warning (13410): Pin "DRAM_ADDR[12]" is stuck at GND File: C:/Users/A610/Desktop/hdl/DE0_CV_mid/design/DE0_CV.sv Line: 15
    Warning (13410): Pin "DRAM_BA[0]" is stuck at GND File: C:/Users/A610/Desktop/hdl/DE0_CV_mid/design/DE0_CV.sv Line: 16
    Warning (13410): Pin "DRAM_BA[1]" is stuck at GND File: C:/Users/A610/Desktop/hdl/DE0_CV_mid/design/DE0_CV.sv Line: 16
    Warning (13410): Pin "DRAM_CAS_N" is stuck at GND File: C:/Users/A610/Desktop/hdl/DE0_CV_mid/design/DE0_CV.sv Line: 17
    Warning (13410): Pin "DRAM_CKE" is stuck at GND File: C:/Users/A610/Desktop/hdl/DE0_CV_mid/design/DE0_CV.sv Line: 18
    Warning (13410): Pin "DRAM_CLK" is stuck at GND File: C:/Users/A610/Desktop/hdl/DE0_CV_mid/design/DE0_CV.sv Line: 19
    Warning (13410): Pin "DRAM_CS_N" is stuck at GND File: C:/Users/A610/Desktop/hdl/DE0_CV_mid/design/DE0_CV.sv Line: 20
    Warning (13410): Pin "DRAM_LDQM" is stuck at GND File: C:/Users/A610/Desktop/hdl/DE0_CV_mid/design/DE0_CV.sv Line: 22
    Warning (13410): Pin "DRAM_RAS_N" is stuck at GND File: C:/Users/A610/Desktop/hdl/DE0_CV_mid/design/DE0_CV.sv Line: 23
    Warning (13410): Pin "DRAM_UDQM" is stuck at GND File: C:/Users/A610/Desktop/hdl/DE0_CV_mid/design/DE0_CV.sv Line: 24
    Warning (13410): Pin "DRAM_WE_N" is stuck at GND File: C:/Users/A610/Desktop/hdl/DE0_CV_mid/design/DE0_CV.sv Line: 25
    Warning (13410): Pin "HEX0[0]" is stuck at GND File: C:/Users/A610/Desktop/hdl/DE0_CV_mid/design/DE0_CV.sv Line: 28
    Warning (13410): Pin "HEX0[1]" is stuck at GND File: C:/Users/A610/Desktop/hdl/DE0_CV_mid/design/DE0_CV.sv Line: 28
    Warning (13410): Pin "HEX0[2]" is stuck at GND File: C:/Users/A610/Desktop/hdl/DE0_CV_mid/design/DE0_CV.sv Line: 28
    Warning (13410): Pin "HEX0[3]" is stuck at GND File: C:/Users/A610/Desktop/hdl/DE0_CV_mid/design/DE0_CV.sv Line: 28
    Warning (13410): Pin "HEX0[4]" is stuck at GND File: C:/Users/A610/Desktop/hdl/DE0_CV_mid/design/DE0_CV.sv Line: 28
    Warning (13410): Pin "HEX0[5]" is stuck at GND File: C:/Users/A610/Desktop/hdl/DE0_CV_mid/design/DE0_CV.sv Line: 28
    Warning (13410): Pin "HEX0[6]" is stuck at GND File: C:/Users/A610/Desktop/hdl/DE0_CV_mid/design/DE0_CV.sv Line: 28
    Warning (13410): Pin "HEX1[0]" is stuck at GND File: C:/Users/A610/Desktop/hdl/DE0_CV_mid/design/DE0_CV.sv Line: 29
    Warning (13410): Pin "HEX1[1]" is stuck at GND File: C:/Users/A610/Desktop/hdl/DE0_CV_mid/design/DE0_CV.sv Line: 29
    Warning (13410): Pin "HEX1[2]" is stuck at GND File: C:/Users/A610/Desktop/hdl/DE0_CV_mid/design/DE0_CV.sv Line: 29
    Warning (13410): Pin "HEX1[3]" is stuck at GND File: C:/Users/A610/Desktop/hdl/DE0_CV_mid/design/DE0_CV.sv Line: 29
    Warning (13410): Pin "HEX1[4]" is stuck at GND File: C:/Users/A610/Desktop/hdl/DE0_CV_mid/design/DE0_CV.sv Line: 29
    Warning (13410): Pin "HEX1[5]" is stuck at GND File: C:/Users/A610/Desktop/hdl/DE0_CV_mid/design/DE0_CV.sv Line: 29
    Warning (13410): Pin "HEX1[6]" is stuck at GND File: C:/Users/A610/Desktop/hdl/DE0_CV_mid/design/DE0_CV.sv Line: 29
    Warning (13410): Pin "HEX2[0]" is stuck at GND File: C:/Users/A610/Desktop/hdl/DE0_CV_mid/design/DE0_CV.sv Line: 30
    Warning (13410): Pin "HEX2[1]" is stuck at GND File: C:/Users/A610/Desktop/hdl/DE0_CV_mid/design/DE0_CV.sv Line: 30
    Warning (13410): Pin "HEX2[2]" is stuck at GND File: C:/Users/A610/Desktop/hdl/DE0_CV_mid/design/DE0_CV.sv Line: 30
    Warning (13410): Pin "HEX2[3]" is stuck at GND File: C:/Users/A610/Desktop/hdl/DE0_CV_mid/design/DE0_CV.sv Line: 30
    Warning (13410): Pin "HEX2[4]" is stuck at GND File: C:/Users/A610/Desktop/hdl/DE0_CV_mid/design/DE0_CV.sv Line: 30
    Warning (13410): Pin "HEX2[5]" is stuck at GND File: C:/Users/A610/Desktop/hdl/DE0_CV_mid/design/DE0_CV.sv Line: 30
    Warning (13410): Pin "HEX2[6]" is stuck at GND File: C:/Users/A610/Desktop/hdl/DE0_CV_mid/design/DE0_CV.sv Line: 30
    Warning (13410): Pin "HEX3[0]" is stuck at GND File: C:/Users/A610/Desktop/hdl/DE0_CV_mid/design/DE0_CV.sv Line: 31
    Warning (13410): Pin "HEX3[1]" is stuck at GND File: C:/Users/A610/Desktop/hdl/DE0_CV_mid/design/DE0_CV.sv Line: 31
    Warning (13410): Pin "HEX3[2]" is stuck at GND File: C:/Users/A610/Desktop/hdl/DE0_CV_mid/design/DE0_CV.sv Line: 31
    Warning (13410): Pin "HEX3[3]" is stuck at GND File: C:/Users/A610/Desktop/hdl/DE0_CV_mid/design/DE0_CV.sv Line: 31
    Warning (13410): Pin "HEX3[4]" is stuck at GND File: C:/Users/A610/Desktop/hdl/DE0_CV_mid/design/DE0_CV.sv Line: 31
    Warning (13410): Pin "HEX3[5]" is stuck at GND File: C:/Users/A610/Desktop/hdl/DE0_CV_mid/design/DE0_CV.sv Line: 31
    Warning (13410): Pin "HEX3[6]" is stuck at GND File: C:/Users/A610/Desktop/hdl/DE0_CV_mid/design/DE0_CV.sv Line: 31
    Warning (13410): Pin "HEX4[0]" is stuck at GND File: C:/Users/A610/Desktop/hdl/DE0_CV_mid/design/DE0_CV.sv Line: 32
    Warning (13410): Pin "HEX4[1]" is stuck at GND File: C:/Users/A610/Desktop/hdl/DE0_CV_mid/design/DE0_CV.sv Line: 32
    Warning (13410): Pin "HEX4[2]" is stuck at GND File: C:/Users/A610/Desktop/hdl/DE0_CV_mid/design/DE0_CV.sv Line: 32
    Warning (13410): Pin "HEX4[3]" is stuck at GND File: C:/Users/A610/Desktop/hdl/DE0_CV_mid/design/DE0_CV.sv Line: 32
    Warning (13410): Pin "HEX4[4]" is stuck at GND File: C:/Users/A610/Desktop/hdl/DE0_CV_mid/design/DE0_CV.sv Line: 32
    Warning (13410): Pin "HEX4[5]" is stuck at GND File: C:/Users/A610/Desktop/hdl/DE0_CV_mid/design/DE0_CV.sv Line: 32
    Warning (13410): Pin "HEX4[6]" is stuck at GND File: C:/Users/A610/Desktop/hdl/DE0_CV_mid/design/DE0_CV.sv Line: 32
    Warning (13410): Pin "HEX5[0]" is stuck at GND File: C:/Users/A610/Desktop/hdl/DE0_CV_mid/design/DE0_CV.sv Line: 33
    Warning (13410): Pin "HEX5[1]" is stuck at GND File: C:/Users/A610/Desktop/hdl/DE0_CV_mid/design/DE0_CV.sv Line: 33
    Warning (13410): Pin "HEX5[2]" is stuck at GND File: C:/Users/A610/Desktop/hdl/DE0_CV_mid/design/DE0_CV.sv Line: 33
    Warning (13410): Pin "HEX5[3]" is stuck at GND File: C:/Users/A610/Desktop/hdl/DE0_CV_mid/design/DE0_CV.sv Line: 33
    Warning (13410): Pin "HEX5[4]" is stuck at GND File: C:/Users/A610/Desktop/hdl/DE0_CV_mid/design/DE0_CV.sv Line: 33
    Warning (13410): Pin "HEX5[5]" is stuck at GND File: C:/Users/A610/Desktop/hdl/DE0_CV_mid/design/DE0_CV.sv Line: 33
    Warning (13410): Pin "HEX5[6]" is stuck at GND File: C:/Users/A610/Desktop/hdl/DE0_CV_mid/design/DE0_CV.sv Line: 33
    Warning (13410): Pin "LEDR[8]" is stuck at GND File: C:/Users/A610/Desktop/hdl/DE0_CV_mid/design/DE0_CV.sv Line: 40
    Warning (13410): Pin "LEDR[9]" is stuck at GND File: C:/Users/A610/Desktop/hdl/DE0_CV_mid/design/DE0_CV.sv Line: 40
    Warning (13410): Pin "SD_CLK" is stuck at GND File: C:/Users/A610/Desktop/hdl/DE0_CV_mid/design/DE0_CV.sv Line: 49
    Warning (13410): Pin "VGA_B[0]" is stuck at GND File: C:/Users/A610/Desktop/hdl/DE0_CV_mid/design/DE0_CV.sv Line: 57
    Warning (13410): Pin "VGA_B[1]" is stuck at GND File: C:/Users/A610/Desktop/hdl/DE0_CV_mid/design/DE0_CV.sv Line: 57
    Warning (13410): Pin "VGA_B[2]" is stuck at GND File: C:/Users/A610/Desktop/hdl/DE0_CV_mid/design/DE0_CV.sv Line: 57
    Warning (13410): Pin "VGA_B[3]" is stuck at GND File: C:/Users/A610/Desktop/hdl/DE0_CV_mid/design/DE0_CV.sv Line: 57
    Warning (13410): Pin "VGA_G[0]" is stuck at GND File: C:/Users/A610/Desktop/hdl/DE0_CV_mid/design/DE0_CV.sv Line: 58
    Warning (13410): Pin "VGA_G[1]" is stuck at GND File: C:/Users/A610/Desktop/hdl/DE0_CV_mid/design/DE0_CV.sv Line: 58
    Warning (13410): Pin "VGA_G[2]" is stuck at GND File: C:/Users/A610/Desktop/hdl/DE0_CV_mid/design/DE0_CV.sv Line: 58
    Warning (13410): Pin "VGA_G[3]" is stuck at GND File: C:/Users/A610/Desktop/hdl/DE0_CV_mid/design/DE0_CV.sv Line: 58
    Warning (13410): Pin "VGA_HS" is stuck at GND File: C:/Users/A610/Desktop/hdl/DE0_CV_mid/design/DE0_CV.sv Line: 59
    Warning (13410): Pin "VGA_R[0]" is stuck at GND File: C:/Users/A610/Desktop/hdl/DE0_CV_mid/design/DE0_CV.sv Line: 60
    Warning (13410): Pin "VGA_R[1]" is stuck at GND File: C:/Users/A610/Desktop/hdl/DE0_CV_mid/design/DE0_CV.sv Line: 60
    Warning (13410): Pin "VGA_R[2]" is stuck at GND File: C:/Users/A610/Desktop/hdl/DE0_CV_mid/design/DE0_CV.sv Line: 60
    Warning (13410): Pin "VGA_R[3]" is stuck at GND File: C:/Users/A610/Desktop/hdl/DE0_CV_mid/design/DE0_CV.sv Line: 60
    Warning (13410): Pin "VGA_VS" is stuck at GND File: C:/Users/A610/Desktop/hdl/DE0_CV_mid/design/DE0_CV.sv Line: 61
Info (286030): Timing-Driven Synthesis is running
Info (16010): Generating hard_block partition "hard_block:auto_generated_inst"
    Info (16011): Adding 0 node(s), including 0 DDIO, 0 PLL, 0 transceiver and 0 LCELL
Warning (21074): Design contains 16 input pin(s) that do not drive logic
    Warning (15610): No output dependent on input pin "CLOCK_50" File: C:/Users/A610/Desktop/hdl/DE0_CV_mid/design/DE0_CV.sv Line: 9
    Warning (15610): No output dependent on input pin "CLOCK2_50" File: C:/Users/A610/Desktop/hdl/DE0_CV_mid/design/DE0_CV.sv Line: 10
    Warning (15610): No output dependent on input pin "CLOCK3_50" File: C:/Users/A610/Desktop/hdl/DE0_CV_mid/design/DE0_CV.sv Line: 11
    Warning (15610): No output dependent on input pin "KEY[2]" File: C:/Users/A610/Desktop/hdl/DE0_CV_mid/design/DE0_CV.sv Line: 36
    Warning (15610): No output dependent on input pin "KEY[3]" File: C:/Users/A610/Desktop/hdl/DE0_CV_mid/design/DE0_CV.sv Line: 36
    Warning (15610): No output dependent on input pin "RESET_N" File: C:/Users/A610/Desktop/hdl/DE0_CV_mid/design/DE0_CV.sv Line: 37
    Warning (15610): No output dependent on input pin "SW[0]" File: C:/Users/A610/Desktop/hdl/DE0_CV_mid/design/DE0_CV.sv Line: 54
    Warning (15610): No output dependent on input pin "SW[1]" File: C:/Users/A610/Desktop/hdl/DE0_CV_mid/design/DE0_CV.sv Line: 54
    Warning (15610): No output dependent on input pin "SW[2]" File: C:/Users/A610/Desktop/hdl/DE0_CV_mid/design/DE0_CV.sv Line: 54
    Warning (15610): No output dependent on input pin "SW[3]" File: C:/Users/A610/Desktop/hdl/DE0_CV_mid/design/DE0_CV.sv Line: 54
    Warning (15610): No output dependent on input pin "SW[4]" File: C:/Users/A610/Desktop/hdl/DE0_CV_mid/design/DE0_CV.sv Line: 54
    Warning (15610): No output dependent on input pin "SW[5]" File: C:/Users/A610/Desktop/hdl/DE0_CV_mid/design/DE0_CV.sv Line: 54
    Warning (15610): No output dependent on input pin "SW[6]" File: C:/Users/A610/Desktop/hdl/DE0_CV_mid/design/DE0_CV.sv Line: 54
    Warning (15610): No output dependent on input pin "SW[7]" File: C:/Users/A610/Desktop/hdl/DE0_CV_mid/design/DE0_CV.sv Line: 54
    Warning (15610): No output dependent on input pin "SW[8]" File: C:/Users/A610/Desktop/hdl/DE0_CV_mid/design/DE0_CV.sv Line: 54
    Warning (15610): No output dependent on input pin "SW[9]" File: C:/Users/A610/Desktop/hdl/DE0_CV_mid/design/DE0_CV.sv Line: 54
Info (21057): Implemented 258 device resources after synthesis - the final resource count might be different
    Info (21058): Implemented 18 input pins
    Info (21059): Implemented 90 output pins
    Info (21060): Implemented 98 bidirectional pins
    Info (21061): Implemented 52 logic cells
Info: Quartus Prime Analysis & Synthesis was successful. 0 errors, 224 warnings
    Info: Peak virtual memory: 4843 megabytes
    Info: Processing ended: Mon Nov 06 12:15:34 2023
    Info: Elapsed time: 00:00:04
    Info: Total CPU time (on all processors): 00:00:12


